C:\USERS\STUDENT\DESKTOP\FINAL_PRJ_V02\DEBUG\FINAL_PRJ_V02.EXE
C:\USERS\STUDENT\DESKTOP\FINAL_PRJ_V02\DEBUG\FINAL_PRJ_V02.PDB
C:\Users\student\Desktop\final_prj_v02\final_prj_v02\Debug\cl.command.1.tlog
C:\Users\student\Desktop\final_prj_v02\final_prj_v02\Debug\CL.read.1.tlog
C:\Users\student\Desktop\final_prj_v02\final_prj_v02\Debug\CL.write.1.tlog
C:\USERS\STUDENT\DESKTOP\FINAL_PRJ_V02\FINAL_PRJ_V02\DEBUG\FINAL_PRJ_V02.EXE.INTERMEDIATE.MANIFEST
C:\Users\student\Desktop\final_prj_v02\final_prj_v02\Debug\final_prj_v02.vcxprojResolveAssemblyReference.cache
C:\Users\student\Desktop\final_prj_v02\final_prj_v02\Debug\final_prj_v02.write.1.tlog
C:\Users\student\Desktop\final_prj_v02\final_prj_v02\Debug\link.command.1.tlog
C:\Users\student\Desktop\final_prj_v02\final_prj_v02\Debug\link.read.1.tlog
C:\Users\student\Desktop\final_prj_v02\final_prj_v02\Debug\link.write.1.tlog
C:\USERS\STUDENT\DESKTOP\FINAL_PRJ_V02\FINAL_PRJ_V02\DEBUG\MAIN.OBJ
C:\Users\student\Desktop\final_prj_v02\final_prj_v02\Debug\mt.command.1.tlog
C:\Users\student\Desktop\final_prj_v02\final_prj_v02\Debug\mt.read.1.tlog
C:\Users\student\Desktop\final_prj_v02\final_prj_v02\Debug\mt.write.1.tlog
C:\Users\student\Desktop\final_prj_v02\final_prj_v02\Debug\mySphere.obj
C:\Users\student\Desktop\final_prj_v02\final_prj_v02\Debug\planet.obj
C:\Users\student\Desktop\final_prj_v02\final_prj_v02\Debug\render_planet.obj
C:\Users\student\Desktop\final_prj_v02\final_prj_v02\Debug\vc100.idb
C:\USERS\STUDENT\DESKTOP\FINAL_PRJ_V02\FINAL_PRJ_V02\DEBUG\VC100.PDB
E:\WINTER 2014\VG3302 SOFTWARE DEVELOPMENT\PROJECT\FINAL_PRJ_V02\DEBUG\FINAL_PRJ_V02.EXE
E:\WINTER 2014\VG3302 SOFTWARE DEVELOPMENT\PROJECT\FINAL_PRJ_V02\DEBUG\FINAL_PRJ_V02.PDB
E:\WINTER 2014\VG3302 SOFTWARE DEVELOPMENT\PROJECT\FINAL_PRJ_V02\FINAL_PRJ_V02\DEBUG\FINAL_PRJ_V02.EXE.INTERMEDIATE.MANIFEST
E:\WINTER 2014\VG3302 SOFTWARE DEVELOPMENT\PROJECT\FINAL_PRJ_V02\FINAL_PRJ_V02\DEBUG\MAIN.OBJ
E:\WINTER 2014\VG3302 SOFTWARE DEVELOPMENT\PROJECT\FINAL_PRJ_V02\FINAL_PRJ_V02\DEBUG\MYSPHERE.OBJ
E:\WINTER 2014\VG3302 SOFTWARE DEVELOPMENT\PROJECT\FINAL_PRJ_V02\FINAL_PRJ_V02\DEBUG\PLANET.OBJ
E:\WINTER 2014\VG3302 SOFTWARE DEVELOPMENT\PROJECT\FINAL_PRJ_V02\FINAL_PRJ_V02\DEBUG\RENDER_PLANET.OBJ
E:\WINTER 2014\VG3302 SOFTWARE DEVELOPMENT\PROJECT\FINAL_PRJ_V02\FINAL_PRJ_V02\DEBUG\VC100.PDB
